<?xml version="1.0" encoding="UTF-8"?>
<testsuite xmlns:xsi="http://www.w3.org/2001/XMLSchema-instance" xsi:noNamespaceSchemaLocation="https://maven.apache.org/surefire/maven-surefire-plugin/xsd/surefire-test-report-3.0.xsd" version="3.0" name="com.expenseplanner.enterprise.EnterpriseApplicationTests" time="1.936" tests="1" errors="0" skipped="0" failures="0">
  <properties>
[...]
</properties>
  <testcase name="contextLoads" classname="com.expenseplanner.enterprise.EnterpriseApplicationTests" time="0.434">
    <system-out><![CDATA[19:28:58.411 [main] INFO org.springframework.test.context.support.AnnotationConfigContextLoaderUtils -- Could not detect default configuration classes for test class [com.expenseplanner.enterprise.EnterpriseApplicationTests]: EnterpriseApplicationTests does not declare any static, non-private, non-final, nested classes annotated with @Configuration.
19:28:58.511 [main] INFO org.springframework.boot.test.context.SpringBootTestContextBootstrapper -- Found @SpringBootConfiguration com.expenseplanner.enterprise.EnterpriseApplication for test class com.expenseplanner.enterprise.EnterpriseApplicationTests

  .   ____          _            __ _ _
 /\\ / ___'_ __ _ _(_)_ __  __ _ \ \ \ \
( ( )\___ | '_ | '_| | '_ \/ _` | \ \ \ \
 \\/  ___)| |_)| | | | | || (_| |  ) ) ) )
  '  |____| .__|_| |_|_| |_\__, | / / / /
 =========|_|==============|___/=/_/_/_/
 :: Spring Boot ::                (v3.2.4)

2026-04-19T19:28:58.817-04:00  INFO 5192 --- [enterprise] [           main] c.e.e.EnterpriseApplicationTests         : Starting EnterpriseApplicationTests using Java 25.0.2 with PID 5192 (started by user in C:\Users\user\IdeaProjects\IT4045-group-project-expense-planner\enterprise)
2026-04-19T19:28:58.818-04:00  INFO 5192 --- [enterprise] [           main] c.e.e.EnterpriseApplicationTests         : No active profile set, falling back to 1 default profile: "default"
2026-04-19T19:28:59.785-04:00  INFO 5192 --- [enterprise] [           main] c.e.e.EnterpriseApplicationTests         : Started EnterpriseApplicationTests in 1.165 seconds (process running for 1.902)
]]></system-out>
    <system-err><![CDATA[WARNING: A Java agent has been loaded dynamically (C:\Users\user\.m2\repository\net\bytebuddy\byte-buddy-agent\1.14.12\byte-buddy-agent-1.14.12.jar)
WARNING: If a serviceability tool is in use, please run with -XX:+EnableDynamicAgentLoading to hide this warning
WARNING: If a serviceability tool is not in use, please run with -Djdk.instrument.traceUsage for more information
WARNING: Dynamic loading of agents will be disallowed by default in a future release
]]></system-err>
  </testcase>
</testsuite>