<?xml version="1.0" encoding="UTF-8"?>
<testsuite xmlns:xsi="http://www.w3.org/2001/XMLSchema-instance" xsi:noNamespaceSchemaLocation="https://maven.apache.org/surefire/maven-surefire-plugin/xsd/surefire-test-report-3.0.xsd" version="3.0" name="com.expenseplanner.enterprise.EnterpriseApplicationTests" time="2.928" tests="2" errors="0" skipped="0" failures="0">
  <properties>
[...]
</properties>
  <testcase name="testSaveAndRetrieveExpense" classname="com.expenseplanner.enterprise.EnterpriseApplicationTests" time="0.307">
    <system-out><![CDATA[21:45:54.167 [main] INFO org.springframework.test.context.support.AnnotationConfigContextLoaderUtils -- Could not detect default configuration classes for test class [com.expenseplanner.enterprise.EnterpriseApplicationTests]: EnterpriseApplicationTests does not declare any static, non-private, non-final, nested classes annotated with @Configuration.
21:45:54.237 [main] INFO org.springframework.boot.test.context.SpringBootTestContextBootstrapper -- Found @SpringBootConfiguration com.expenseplanner.enterprise.EnterpriseApplication for test class com.expenseplanner.enterprise.EnterpriseApplicationTests

  .   ____          _            __ _ _
 /\\ / ___'_ __ _ _(_)_ __  __ _ \ \ \ \
( ( )\___ | '_ | '_| | '_ \/ _` | \ \ \ \
 \\/  ___)| |_)| | | | | || (_| |  ) ) ) )
  '  |____| .__|_| |_|_| |_\__, | / / / /
 =========|_|==============|___/=/_/_/_/
 :: Spring Boot ::                (v3.2.4)

2026-04-21T21:45:54.503-04:00  INFO 26292 --- [           main] c.e.e.EnterpriseApplicationTests         : Starting EnterpriseApplicationTests using Java 24.0.1 with PID 26292 (started by eman1 in C:\Users\eman1\Desktop\it4045-group-project\enterprise)
2026-04-21T21:45:54.504-04:00  INFO 26292 --- [           main] c.e.e.EnterpriseApplicationTests         : No active profile set, falling back to 1 default profile: "default"
2026-04-21T21:45:54.939-04:00  INFO 26292 --- [           main] .s.d.r.c.RepositoryConfigurationDelegate : Bootstrapping Spring Data JPA repositories in DEFAULT mode.
2026-04-21T21:45:54.967-04:00  INFO 26292 --- [           main] .s.d.r.c.RepositoryConfigurationDelegate : Finished Spring Data repository scanning in 24 ms. Found 1 JPA repository interface.
2026-04-21T21:45:55.304-04:00  INFO 26292 --- [           main] o.hibernate.jpa.internal.util.LogHelper  : HHH000204: Processing PersistenceUnitInfo [name: default]
2026-04-21T21:45:55.348-04:00  INFO 26292 --- [           main] org.hibernate.Version                    : HHH000412: Hibernate ORM core version 6.4.4.Final
2026-04-21T21:45:55.364-04:00  INFO 26292 --- [           main] o.h.c.internal.RegionFactoryInitiator    : HHH000026: Second-level cache disabled
2026-04-21T21:45:55.498-04:00  INFO 26292 --- [           main] o.s.o.j.p.SpringPersistenceUnitInfo      : No LoadTimeWeaver setup: ignoring JPA class transformer
2026-04-21T21:45:55.510-04:00  INFO 26292 --- [           main] com.zaxxer.hikari.HikariDataSource       : HikariPool-1 - Starting...
2026-04-21T21:45:55.610-04:00  INFO 26292 --- [           main] com.zaxxer.hikari.pool.HikariPool        : HikariPool-1 - Added connection conn0: url=jdbc:h2:mem:expenses_db user=SA
2026-04-21T21:45:55.612-04:00  INFO 26292 --- [           main] com.zaxxer.hikari.HikariDataSource       : HikariPool-1 - Start completed.
2026-04-21T21:45:55.642-04:00  WARN 26292 --- [           main] org.hibernate.orm.deprecation            : HHH90000025: H2Dialect does not need to be specified explicitly using 'hibernate.dialect' (remove the property setting and it will be selected by default)
2026-04-21T21:45:56.026-04:00  INFO 26292 --- [           main] o.h.e.t.j.p.i.JtaPlatformInitiator       : HHH000489: No JTA platform available (set 'hibernate.transaction.jta.platform' to enable JTA platform integration)
Hibernate: create table expenses (id bigint generated by default as identity, amount numeric(38,2), category varchar(255), date date, description varchar(255), primary key (id))
2026-04-21T21:45:56.051-04:00  INFO 26292 --- [           main] j.LocalContainerEntityManagerFactoryBean : Initialized JPA EntityManagerFactory for persistence unit 'default'
2026-04-21T21:45:56.438-04:00  WARN 26292 --- [           main] JpaBaseConfiguration$JpaWebConfiguration : spring.jpa.open-in-view is enabled by default. Therefore, database queries may be performed during view rendering. Explicitly configure spring.jpa.open-in-view to disable this warning
2026-04-21T21:45:56.632-04:00  INFO 26292 --- [           main] o.s.b.a.h2.H2ConsoleAutoConfiguration    : H2 console available at '/h2-console'. Database available at 'jdbc:h2:mem:expenses_db'
2026-04-21T21:45:56.684-04:00  INFO 26292 --- [           main] c.e.e.EnterpriseApplicationTests         : Started EnterpriseApplicationTests in 2.376 seconds (process running for 2.88)
Hibernate: insert into expenses (amount,category,date,description,id) values (?,?,?,?,default)
Hibernate: select e1_0.id,e1_0.amount,e1_0.category,e1_0.date,e1_0.description from expenses e1_0
Saved Expense ID: 1
All Expenses: [com.expenseplanner.enterprise.model.Expense@61d4155b]
]]></system-out>
    <system-err><![CDATA[WARNING: A Java agent has been loaded dynamically (C:\Users\eman1\.m2\repository\net\bytebuddy\byte-buddy-agent\1.14.12\byte-buddy-agent-1.14.12.jar)
WARNING: If a serviceability tool is in use, please run with -XX:+EnableDynamicAgentLoading to hide this warning
WARNING: If a serviceability tool is not in use, please run with -Djdk.instrument.traceUsage for more information
WARNING: Dynamic loading of agents will be disallowed by default in a future release
]]></system-err>
  </testcase>
  <testcase name="contextLoads" classname="com.expenseplanner.enterprise.EnterpriseApplicationTests" time="0.002"/>
</testsuite>